<?xml version="1.0" encoding="UTF-8"?>
<robot generator="Robot 3.2.2 (Python 3.8.6 on win32)" generated="20201107 18:33:35.628" rpa="false">
<suite id="s1" name="GenerateApiKey" source="C:\Users\Pichau\Desktop\Docs Lucas\python\Teste Prime Control\Teste-Prime-Control\Robots\GenerateApiKey.robot">
<test id="s1-t1" name="Generate API KEY">
<kw name="Open Browser To LOGIN Page">
<doc>Acessa a pagina de login.</doc>
<arguments>
<arg>${endereco}</arg>
</arguments>
<kw name="Open Browser" library="SeleniumLibrary">
<doc>Opens a new browser instance to the optional ``url``.</doc>
<arguments>
<arg>${endereco}</arg>
<arg>${BROWSER}</arg>
</arguments>
<msg timestamp="20201107 18:33:35.868" level="INFO">Opening browser 'Chrome' to base url 'https://developer.clashroyale.com/#/'.</msg>
<status status="PASS" starttime="20201107 18:33:35.868" endtime="20201107 18:33:42.720"></status>
</kw>
<kw name="Maximize Browser Window" library="SeleniumLibrary">
<doc>Maximizes current browser window.</doc>
<status status="PASS" starttime="20201107 18:33:42.720" endtime="20201107 18:33:44.838"></status>
</kw>
<kw name="Wait Until Page Contains Element" library="SeleniumLibrary">
<doc>Waits until the element ``locator`` appears on the current page.</doc>
<arguments>
<arg>//a[@data-reactid=".0.2.0.0.0.0.2.0.2"]</arg>
</arguments>
<status status="PASS" starttime="20201107 18:33:44.838" endtime="20201107 18:33:44.848"></status>
</kw>
<kw name="Click Link" library="SeleniumLibrary">
<doc>Clicks a link identified by ``locator``.</doc>
<arguments>
<arg>//a[@data-reactid=".0.2.0.0.0.0.2.0.2"]</arg>
</arguments>
<msg timestamp="20201107 18:33:44.849" level="INFO">Clicking link '//a[@data-reactid=".0.2.0.0.0.0.2.0.2"]'.</msg>
<status status="PASS" starttime="20201107 18:33:44.848" endtime="20201107 18:33:44.905"></status>
</kw>
<status status="PASS" starttime="20201107 18:33:35.867" endtime="20201107 18:33:44.905"></status>
</kw>
<kw name="Login In Clash">
<doc>Executa o Login, na pagina de login.</doc>
<arguments>
<arg>${usuario}</arg>
<arg>${senha}</arg>
</arguments>
<kw name="Wait Until Page Contains Element" library="SeleniumLibrary">
<doc>Waits until the element ``locator`` appears on the current page.</doc>
<arguments>
<arg>//input[@id="email"]</arg>
</arguments>
<status status="PASS" starttime="20201107 18:33:44.906" endtime="20201107 18:33:44.917"></status>
</kw>
<kw name="Input Text" library="SeleniumLibrary">
<doc>Types the given ``text`` into the text field identified by ``locator``.</doc>
<arguments>
<arg>//input[@id="email"]</arg>
<arg>${usuario}</arg>
</arguments>
<msg timestamp="20201107 18:33:44.917" level="INFO">Typing text 'lucasperoti@gmail.com' into text field '//input[@id="email"]'.</msg>
<status status="PASS" starttime="20201107 18:33:44.917" endtime="20201107 18:33:45.023"></status>
</kw>
<kw name="Input Password" library="SeleniumLibrary">
<doc>Types the given password into the text field identified by ``locator``.</doc>
<arguments>
<arg>//input[@id="password"]</arg>
<arg>${senha}</arg>
</arguments>
<msg timestamp="20201107 18:33:45.024" level="INFO">Typing password into text field '//input[@id="password"]'.</msg>
<msg timestamp="20201107 18:33:45.061" level="INFO">Temporally setting log level to: NONE</msg>
<msg timestamp="20201107 18:33:45.109" level="INFO">Log level changed from NONE to INFO.</msg>
<status status="PASS" starttime="20201107 18:33:45.024" endtime="20201107 18:33:45.110"></status>
</kw>
<kw name="Click Button" library="SeleniumLibrary">
<doc>Clicks the button identified by ``locator``.</doc>
<arguments>
<arg>//button[@type="submit"]</arg>
</arguments>
<msg timestamp="20201107 18:33:45.110" level="INFO">Clicking button '//button[@type="submit"]'.</msg>
<status status="PASS" starttime="20201107 18:33:45.110" endtime="20201107 18:33:45.172"></status>
</kw>
<status status="PASS" starttime="20201107 18:33:44.906" endtime="20201107 18:33:45.172"></status>
</kw>
<kw name="Navegate To Generate Key Page">
<doc>Navega ate a pagina de gera√ßao da API Key.</doc>
<kw name="Wait Until Page Contains Element" library="SeleniumLibrary">
<doc>Waits until the element ``locator`` appears on the current page.</doc>
<arguments>
<arg>//button[@data-toggle="dropdown"]</arg>
</arguments>
<kw name="Capture Page Screenshot" library="SeleniumLibrary">
<doc>Takes a screenshot of the current page and embeds it into a log file.</doc>
<msg timestamp="20201107 18:34:09.993" level="FAIL">WebDriverException: Message: chrome not reachable
  (Session info: chrome=86.0.4240.183)
</msg>
<status status="FAIL" starttime="20201107 18:33:57.811" endtime="20201107 18:34:09.993"></status>
</kw>
<msg timestamp="20201107 18:34:09.993" level="WARN">Keyword 'Capture Page Screenshot' could not be run on failure: WebDriverException: Message: chrome not reachable
  (Session info: chrome=86.0.4240.183)
</msg>
<msg timestamp="20201107 18:34:10.067" level="FAIL">WebDriverException: Message: chrome not reachable
  (Session info: chrome=86.0.4240.183)
</msg>
<status status="FAIL" starttime="20201107 18:33:45.173" endtime="20201107 18:34:10.067"></status>
</kw>
<status status="FAIL" starttime="20201107 18:33:45.172" endtime="20201107 18:34:10.067"></status>
</kw>
<doc>Fazer o login na pagina e gerar a key para a api.</doc>
<status status="FAIL" starttime="20201107 18:33:35.867" endtime="20201107 18:34:10.068" critical="yes">WebDriverException: Message: chrome not reachable
  (Session info: chrome=86.0.4240.183)
</status>
</test>
<status status="FAIL" starttime="20201107 18:33:35.641" endtime="20201107 18:34:10.073"></status>
</suite>
<statistics>
<total>
<stat pass="0" fail="1">Critical Tests</stat>
<stat pass="0" fail="1">All Tests</stat>
</total>
<tag>
</tag>
<suite>
<stat pass="0" fail="1" id="s1" name="GenerateApiKey">GenerateApiKey</stat>
</suite>
</statistics>
<errors>
<msg timestamp="20201107 18:33:35.864" level="ERROR">Error in file 'C:\Users\Pichau\Desktop\Docs Lucas\python\Teste Prime Control\Teste-Prime-Control\Robots\GenerateApiKey.robot' on line 3: Test library 'ApiConsumer.py' does not exist.</msg>
<msg timestamp="20201107 18:34:09.993" level="WARN">Keyword 'Capture Page Screenshot' could not be run on failure: WebDriverException: Message: chrome not reachable
  (Session info: chrome=86.0.4240.183)
</msg>
</errors>
</robot>
